# JRE version: OpenJDK Runtime Environment (8.0_152-b06) (build 1.8.0_152-release-1136-b06)
# Java VM: OpenJDK 64-Bit Server VM (25.152-b06 mixed mode windows-amd64 compressed oops)
Heap:
 PSYoungGen      total 160256K, used 124752K [0x00000000e0000000, 0x00000000eb180000, 0x0000000100000000)
  eden space 138752K, 88% used [0x00000000e0000000,0x00000000e7802fb8,0x00000000e8780000)
  from space 21504K, 8% used [0x00000000e8780000,0x00000000e89512b8,0x00000000e9c80000)
  to   space 21504K, 0% used [0x00000000e9c80000,0x00000000e9c80000,0x00000000eb180000)
 ParOldGen       total 81920K, used 57473K [0x00000000a0000000, 0x00000000a5000000, 0x00000000e0000000)
  object space 81920K, 70% used [0x00000000a0000000,0x00000000a3820638,0x00000000a5000000)
 Metaspace       used 95742K, capacity 99416K, committed 99672K, reserved 1136640K
  class space    used 11768K, capacity 12562K, committed 12672K, reserved 1048576K
GC Heap History (10 events):
Event: 4195.622 GC heap before
{Heap before GC invocations=59 (full 3):
 PSYoungGen      total 119808K, used 105711K [0x00000000e0000000, 0x00000000e9e80000, 0x0000000100000000)
  eden space 95744K, 100% used [0x00000000e0000000,0x00000000e5d80000,0x00000000e5d80000)
  from space 24064K, 41% used [0x00000000e5d80000,0x00000000e673bdc8,0x00000000e7500000)
  to   space 23040K, 0% used [0x00000000e8800000,0x00000000e8800000,0x00000000e9e80000)
 ParOldGen       total 81920K, used 68799K [0x00000000a0000000, 0x00000000a5000000, 0x00000000e0000000)
  object space 81920K, 83% used [0x00000000a0000000,0x00000000a432fd98,0x00000000a5000000)
 Metaspace       used 86603K, capacity 89840K, committed 89944K, reserved 1128448K
  class space    used 10826K, capacity 11594K, committed 11648K, reserved 1048576K
Event: 4195.657 GC heap after
Heap after GC invocations=59 (full 3):
 PSYoungGen      total 137216K, used 1892K [0x00000000e0000000, 0x00000000e9d00000, 0x0000000100000000)
  eden space 115712K, 0% used [0x00000000e0000000,0x00000000e0000000,0x00000000e7100000)
  from space 21504K, 8% used [0x00000000e8800000,0x00000000e89d9108,0x00000000e9d00000)
  to   space 22528K, 0% used [0x00000000e7100000,0x00000000e7100000,0x00000000e8700000)
 ParOldGen       total 81920K, used 78182K [0x00000000a0000000, 0x00000000a5000000, 0x00000000e0000000)
  object space 81920K, 95% used [0x00000000a0000000,0x00000000a4c59b60,0x00000000a5000000)
 Metaspace       used 86603K, capacity 89840K, committed 89944K, reserved 1128448K
  class space    used 10826K, capacity 11594K, committed 11648K, reserved 1048576K
}
Event: 4195.673 GC heap before
{Heap before GC invocations=60 (full 4):
 PSYoungGen      total 137216K, used 1892K [0x00000000e0000000, 0x00000000e9d00000, 0x0000000100000000)
  eden space 115712K, 0% used [0x00000000e0000000,0x00000000e0000000,0x00000000e7100000)
  from space 21504K, 8% used [0x00000000e8800000,0x00000000e89d9108,0x00000000e9d00000)
  to   space 22528K, 0% used [0x00000000e7100000,0x00000000e7100000,0x00000000e8700000)
 ParOldGen       total 81920K, used 78182K [0x00000000a0000000, 0x00000000a5000000, 0x00000000e0000000)
  object space 81920K, 95% used [0x00000000a0000000,0x00000000a4c59b60,0x00000000a5000000)
 Metaspace       used 86603K, capacity 89840K, committed 89944K, reserved 1128448K
  class space    used 10826K, capacity 11594K, committed 11648K, reserved 1048576K
Event: 4196.643 GC heap after
Heap after GC invocations=60 (full 4):
 PSYoungGen      total 137216K, used 0K [0x00000000e0000000, 0x00000000e9d00000, 0x0000000100000000)
  eden space 115712K, 0% used [0x00000000e0000000,0x00000000e0000000,0x00000000e7100000)
  from space 21504K, 0% used [0x00000000e8800000,0x00000000e8800000,0x00000000e9d00000)
  to   space 22528K, 0% used [0x00000000e7100000,0x00000000e7100000,0x00000000e8700000)
 ParOldGen       total 81920K, used 48069K [0x00000000a0000000, 0x00000000a5000000, 0x00000000e0000000)
  object space 81920K, 58% used [0x00000000a0000000,0x00000000a2ef1580,0x00000000a5000000)
 Metaspace       used 85103K, capacity 87728K, committed 89944K, reserved 1128448K
  class space    used 10517K, capacity 11148K, committed 11648K, reserved 1048576K
}
Event: 4908.916 GC heap before
{Heap before GC invocations=61 (full 4):
 PSYoungGen      total 137216K, used 115712K [0x00000000e0000000, 0x00000000e9d00000, 0x0000000100000000)
  eden space 115712K, 100% used [0x00000000e0000000,0x00000000e7100000,0x00000000e7100000)
  from space 21504K, 0% used [0x00000000e8800000,0x00000000e8800000,0x00000000e9d00000)
  to   space 22528K, 0% used [0x00000000e7100000,0x00000000e7100000,0x00000000e8700000)
 ParOldGen       total 81920K, used 48069K [0x00000000a0000000, 0x00000000a5000000, 0x00000000e0000000)
  object space 81920K, 58% used [0x00000000a0000000,0x00000000a2ef1580,0x00000000a5000000)
 Metaspace       used 85594K, capacity 88362K, committed 89944K, reserved 1128448K
  class space    used 10573K, capacity 11273K, committed 11648K, reserved 1048576K
Event: 4908.941 GC heap after
Heap after GC invocations=61 (full 4):
 PSYoungGen      total 138240K, used 5272K [0x00000000e0000000, 0x00000000eb180000, 0x0000000100000000)
  eden space 115712K, 0% used [0x00000000e0000000,0x00000000e0000000,0x00000000e7100000)
  from space 22528K, 23% used [0x00000000e7100000,0x00000000e7626128,0x00000000e8700000)
  to   space 21504K, 0% used [0x00000000e9c80000,0x00000000e9c80000,0x00000000eb180000)
 ParOldGen       total 81920K, used 48077K [0x00000000a0000000, 0x00000000a5000000, 0x00000000e0000000)
  object space 81920K, 58% used [0x00000000a0000000,0x00000000a2ef3580,0x00000000a5000000)
 Metaspace       used 85594K, capacity 88362K, committed 89944K, reserved 1128448K
  class space    used 10573K, capacity 11273K, committed 11648K, reserved 1048576K
}
Event: 4925.074 GC heap before
{Heap before GC invocations=62 (full 4):
 PSYoungGen      total 138240K, used 120984K [0x00000000e0000000, 0x00000000eb180000, 0x0000000100000000)
  eden space 115712K, 100% used [0x00000000e0000000,0x00000000e7100000,0x00000000e7100000)
  from space 22528K, 23% used [0x00000000e7100000,0x00000000e7626128,0x00000000e8700000)
  to   space 21504K, 0% used [0x00000000e9c80000,0x00000000e9c80000,0x00000000eb180000)
 ParOldGen       total 81920K, used 48077K [0x00000000a0000000, 0x00000000a5000000, 0x00000000e0000000)
  object space 81920K, 58% used [0x00000000a0000000,0x00000000a2ef3580,0x00000000a5000000)
 Metaspace       used 93605K, capacity 96872K, committed 97752K, reserved 1134592K
  class space    used 11573K, capacity 12340K, committed 12544K, reserved 1048576K
Event: 4925.114 GC heap after
Heap after GC invocations=62 (full 4):
 PSYoungGen      total 160256K, used 11553K [0x00000000e0000000, 0x00000000eb180000, 0x0000000100000000)
  eden space 138752K, 0% used [0x00000000e0000000,0x00000000e0000000,0x00000000e8780000)
  from space 21504K, 53% used [0x00000000e9c80000,0x00000000ea7c8570,0x00000000eb180000)
  to   space 21504K, 0% used [0x00000000e8780000,0x00000000e8780000,0x00000000e9c80000)
 ParOldGen       total 81920K, used 52079K [0x00000000a0000000, 0x00000000a5000000, 0x00000000e0000000)
  object space 81920K, 63% used [0x00000000a0000000,0x00000000a32dbea0,0x00000000a5000000)
 Metaspace       used 93605K, capacity 96872K, committed 97752K, reserved 1134592K
  class space    used 11573K, capacity 12340K, committed 12544K, reserved 1048576K
}
Event: 4928.803 GC heap before
{Heap before GC invocations=63 (full 4):
 PSYoungGen      total 160256K, used 150305K [0x00000000e0000000, 0x00000000eb180000, 0x0000000100000000)
  eden space 138752K, 100% used [0x00000000e0000000,0x00000000e8780000,0x00000000e8780000)
  from space 21504K, 53% used [0x00000000e9c80000,0x00000000ea7c8570,0x00000000eb180000)
  to   space 21504K, 0% used [0x00000000e8780000,0x00000000e8780000,0x00000000e9c80000)
 ParOldGen       total 81920K, used 52079K [0x00000000a0000000, 0x00000000a5000000, 0x00000000e0000000)
  object space 81920K, 63% used [0x00000000a0000000,0x00000000a32dbea0,0x00000000a5000000)
 Metaspace       used 95463K, capacity 99102K, committed 99416K, reserved 1136640K
  class space    used 11760K, capacity 12559K, committed 12672K, reserved 1048576K
Event: 4928.822 GC heap after
Heap after GC invocations=63 (full 4):
 PSYoungGen      total 160256K, used 4437K [0x00000000e0000000, 0x00000000eb180000, 0x0000000100000000)
  eden space 138752K, 0% used [0x00000000e0000000,0x00000000e0000000,0x00000000e8780000)
  from space 21504K, 20% used [0x00000000e8780000,0x00000000e8bd55e0,0x00000000e9c80000)
  to   space 21504K, 0% used [0x00000000e9c80000,0x00000000e9c80000,0x00000000eb180000)
 ParOldGen       total 81920K, used 54913K [0x00000000a0000000, 0x00000000a5000000, 0x00000000e0000000)
  object space 81920K, 67% used [0x00000000a0000000,0x00000000a35a0790,0x00000000a5000000)
 Metaspace       used 95463K, capacity 99102K, committed 99416K, reserved 1136640K
  class space    used 11760K, capacity 12559K, committed 12672K, reserved 1048576K
}

